<?xml version="1.0" encoding="UTF-8"?>
<testng-results ignored="0" total="1" passed="1" failed="0" skipped="0">
  <reporter-output>
  </reporter-output>
  <suite started-at="2025-06-29T01:54:01 IST" name="Default suite" finished-at="2025-06-29T01:54:13 IST" duration-ms="11262">
    <groups>
    </groups>
    <test started-at="2025-06-29T01:54:01 IST" name="Default test" finished-at="2025-06-29T01:54:13 IST" duration-ms="11262">
      <class name="tests.DriverScript">
        <test-method signature="login()[pri:0, instance:tests.DriverScript@1c9b0314]" started-at="2025-06-29T01:54:02 IST" name="login" finished-at="2025-06-29T01:54:13 IST" duration-ms="11203" status="PASS">
          <reporter-output>
          </reporter-output>
        </test-method> <!-- login -->
      </class> <!-- tests.DriverScript -->
    </test> <!-- Default test -->
  </suite> <!-- Default suite -->
</testng-results>
